Mensaje I / 00:00:00:000 / Root(00) para top(01)
Mensaje I / 00:00:00:000 / top(01) para c_1(02)
Mensaje D / 00:00:00:000 / c_1(02) / ... para top(01)
Mensaje D / 00:00:00:000 / top(01) / ... para Root(00)
Mensaje X / 00:00:00:000 / Root(00) / speed_in /     10.00000 para top(01)
Mensaje X / 00:00:00:000 / top(01) / speed_in /     10.00000 para c_1(02)
Mensaje D / 00:00:00:000 / c_1(02) / ... para top(01)
Mensaje D / 00:00:00:000 / top(01) / ... para Root(00)
Mensaje X / 00:00:10:000 / Root(00) / help_request_in /      2.00000 para top(01)
Mensaje X / 00:00:10:000 / top(01) / help_request_in /      2.00000 para c_1(02)
Mensaje D / 00:00:10:000 / c_1(02) / ... para top(01)
Mensaje D / 00:00:10:000 / top(01) / ... para Root(00)
Mensaje X / 00:00:20:000 / Root(00) / help_request_in /      3.00000 para top(01)
Mensaje X / 00:00:20:000 / top(01) / help_request_in /      3.00000 para c_1(02)
Mensaje D / 00:00:20:000 / c_1(02) / ... para top(01)
Mensaje D / 00:00:20:000 / top(01) / ... para Root(00)
Mensaje X / 00:00:30:000 / Root(00) / speed_in /     15.00000 para top(01)
Mensaje X / 00:00:30:000 / top(01) / speed_in /     15.00000 para c_1(02)
Mensaje D / 00:00:30:000 / c_1(02) / 00:00:00:000 para top(01)
Mensaje D / 00:00:30:000 / top(01) / 00:00:00:000 para Root(00)
Mensaje * / 00:00:30:000 / Root(00) para top(01)
Mensaje * / 00:00:30:000 / top(01) para c_1(02)
Mensaje Y / 00:00:30:000 / c_1(02) / help_out / 131073.00000 para top(01)
Mensaje D / 00:00:30:000 / c_1(02) / ... para top(01)
Mensaje Y / 00:00:30:000 / top(01) / help_out / 131073.00000 para Root(00)
Mensaje D / 00:00:30:000 / top(01) / ... para Root(00)
Mensaje X / 00:00:35:000 / Root(00) / help_accepted_in /      2.00000 para top(01)
Mensaje X / 00:00:35:000 / top(01) / help_accepted_in /      2.00000 para c_1(02)
Mensaje D / 00:00:35:000 / c_1(02) / ... para top(01)
Mensaje D / 00:00:35:000 / top(01) / ... para Root(00)
Mensaje X / 02:50:00:000 / Root(00) / help_accepted_in /      3.00000 para top(01)
Mensaje X / 02:50:00:000 / top(01) / help_accepted_in /      3.00000 para c_1(02)
Mensaje D / 02:50:00:000 / c_1(02) / ... para top(01)
Mensaje D / 02:50:00:000 / top(01) / ... para Root(00)
